yarn run v1.22.19
$ next build
info  - Linting and checking validity of types...
info  - Creating an optimized production build...
Browserslist: caniuse-lite is outdated. Please run:
  npx browserslist@latest --update-db
  Why you should do it regularly: https://github.com/browserslist/browserslist#browsers-data-updating
Browserslist: caniuse-lite is outdated. Please run:
  npx update-browserslist-db@latest
  Why you should do it regularly: https://github.com/browserslist/update-db#readme
info  - Compiled successfully
info  - Collecting page data...
info  - Generating static pages (0/3)
info  - Generating static pages (3/3)
info  - Finalizing page optimization...

Route (pages)                              Size     First Load JS
┌ ○ /                                      32.8 kB         106 kB
├   /_app                                  0 B            73.2 kB
└ ○ /404                                   181 B          73.4 kB
+ First Load JS shared by all              76.7 kB
  ├ chunks/framework-aedff47d294e0670.js   45.4 kB
  ├ chunks/main-b8adf948f7f01545.js        26.7 kB
  ├ chunks/pages/_app-8198e3d352f586ca.js  309 B
  ├ chunks/webpack-ee7e63bc15b31913.js     815 B
  └ css/93351b4f3428ce6f.css               3.45 kB

○  (Static)  automatically rendered as static HTML (uses no initial props)

Done in 5.89s.
