yarn run v1.22.19
$ next build
info  - Linting and checking validity of types...
info  - Creating an optimized production build...
info  - Compiled successfully
info  - Collecting page data...
info  - Generating static pages (0/8)
✅ Pylar AI
✅ Pylar AI
info  - Generating static pages (2/8)
info  - Generating static pages (4/8)
✅ Pylar AI
✅ Pylar AI
info  - Generating static pages (6/8)
info  - Generating static pages (8/8)
info  - Finalizing page optimization...

Route (pages)                              Size     First Load JS
┌ ○ /                                      428 B           116 kB
├   /_app                                  0 B            73.2 kB
├ ○ /404                                   181 B          73.4 kB
├ ○ /blog                                  436 B           116 kB
├ ○ /blog/article                          440 B           116 kB
├ ○ /pylar                                 430 B           116 kB
├ ○ /pylar-license                         574 B           116 kB
└ ○ /what-is-pylar                         413 B           116 kB
+ First Load JS shared by all              76.5 kB
  ├ chunks/framework-aedff47d294e0670.js   45.4 kB
  ├ chunks/main-b8adf948f7f01545.js        26.7 kB
  ├ chunks/pages/_app-8198e3d352f586ca.js  309 B
  ├ chunks/webpack-ee7e63bc15b31913.js     815 B
  └ css/a08b9cdb025b8cbd.css               3.33 kB

○  (Static)  automatically rendered as static HTML (uses no initial props)

Done in 8.67s.
